
3월 14, 2022 15:00:11.276 NEW SESSION
3월 14, 2022 15:00:11.276 [14376:16784:0314/150011.274:ERROR:device_event_log_impl.cc(214)] [15:00:11.274] USB: usb_service_win.cc:391 Could not read device interface GUIDs: 지정된 파일을 찾을 수 없습니다. (0x2)
3월 14, 2022 15:00:11.279 [14376:16784:0314/150011.279:ERROR:device_event_log_impl.cc(214)] [15:00:11.279] USB: usb_device_handle_win.cc:1049 Failed to read descriptor from node connection: 시스템에 부착된 장치가 작동하지 않습니다. (0x1F)
3월 14, 2022 15:12:31.994 [1624:3604:0314/151231.994:ERROR:device_event_log_impl.cc(214)] [15:12:31.994] USB: usb_service_win.cc:391 Could not read device interface GUIDs: 지정된 파일을 찾을 수 없습니다. (0x2)
3월 14, 2022 15:12:31.998 [1624:3604:0314/151231.998:ERROR:device_event_log_impl.cc(214)] [15:12:31.999] USB: usb_device_handle_win.cc:1049 Failed to read descriptor from node connection: 시스템에 부착된 장치가 작동하지 않습니다. (0x1F)
3월 14, 2022 15:13:12.617 [17500:17092:0314/151312.617:ERROR:device_event_log_impl.cc(214)] [15:13:12.617] USB: usb_service_win.cc:391 Could not read device interface GUIDs: 지정된 파일을 찾을 수 없습니다. (0x2)
3월 14, 2022 15:13:12.622 [17500:17092:0314/151312.621:ERROR:device_event_log_impl.cc(214)] [15:13:12.622] USB: usb_device_handle_win.cc:1049 Failed to read descriptor from node connection: 시스템에 부착된 장치가 작동하지 않습니다. (0x1F)
3월 14, 2022 15:16:33.704 [16292:8276:0314/151633.704:ERROR:device_event_log_impl.cc(214)] [15:16:33.704] USB: usb_service_win.cc:391 Could not read device interface GUIDs: 지정된 파일을 찾을 수 없습니다. (0x2)
3월 14, 2022 15:16:33.714 [16292:8276:0314/151633.714:ERROR:device_event_log_impl.cc(214)] [15:16:33.714] USB: usb_device_handle_win.cc:1049 Failed to read descriptor from node connection: 시스템에 부착된 장치가 작동하지 않습니다. (0x1F)
3월 14, 2022 15:17:26.765 [1956:19060:0314/151726.764:ERROR:device_event_log_impl.cc(214)] [15:17:26.764] USB: usb_service_win.cc:391 Could not read device interface GUIDs: 지정된 파일을 찾을 수 없습니다. (0x2)
3월 14, 2022 15:17:26.769 [1956:19060:0314/151726.769:ERROR:device_event_log_impl.cc(214)] [15:17:26.769] USB: usb_device_handle_win.cc:1049 Failed to read descriptor from node connection: 시스템에 부착된 장치가 작동하지 않습니다. (0x1F)
3월 14, 2022 15:18:37.12 [17624:3240:0314/151837.011:ERROR:device_event_log_impl.cc(214)] [15:18:37.012] USB: usb_service_win.cc:391 Could not read device interface GUIDs: 지정된 파일을 찾을 수 없습니다. (0x2)
3월 14, 2022 15:18:37.21 [17624:3240:0314/151837.020:ERROR:device_event_log_impl.cc(214)] [15:18:37.021] USB: usb_device_handle_win.cc:1049 Failed to read descriptor from node connection: 시스템에 부착된 장치가 작동하지 않습니다. (0x1F)
3월 14, 2022 15:19:52.574 [17084:20472:0314/151952.573:ERROR:device_event_log_impl.cc(214)] [15:19:52.573] USB: usb_service_win.cc:391 Could not read device interface GUIDs: 지정된 파일을 찾을 수 없습니다. (0x2)
3월 14, 2022 15:19:52.580 [17084:20472:0314/151952.580:ERROR:device_event_log_impl.cc(214)] [15:19:52.580] USB: usb_device_handle_win.cc:1049 Failed to read descriptor from node connection: 시스템에 부착된 장치가 작동하지 않습니다. (0x1F)
3월 14, 2022 15:42:15.798 [17084:16840:0314/154215.798:ERROR:database.cc(1777)] Passwords SQLite error: code 2067 errno 0: UNIQUE constraint failed: logins.origin_url, logins.username_element, logins.username_value, logins.password_element, logins.signon_realm sql: INSERT INTO logins (origin_url, action_url, username_element, username_value, password_element, password_value, submit_element, signon_realm, date_created, blacklisted_by_user, scheme, password_type, times_used, form_data, display_name, icon_url, federation_url, skip_zero_click, generation_upload_status, possible_username_pairs, id, date_last_used, moving_blocked_for, date_password_modified) VALUES (?,?,?,?,?,?,?,?,?,?,?,?,?,?,?,?,?,?,?,?,?,?,?,?)
3월 14, 2022 16:01:14.334 [17084:20472:0314/160114.333:ERROR:CONSOLE(1)] "Session is unregistering, can't dispatch pending call to DOM.getDocument", source: devtools://devtools/bundled/devtools-frontend/front_end/core/sdk/sdk.js (1)
3월 14, 2022 16:01:15.199 [17084:20472:0314/160115.199:ERROR:CONSOLE(1)] "Session is unregistering, can't dispatch pending call to DOM.getDocument", source: devtools://devtools/bundled/devtools-frontend/front_end/core/sdk/sdk.js (1)
3월 14, 2022 18:06:11.864 [21020:10936:0314/180611.864:ERROR:device_event_log_impl.cc(214)] [18:06:11.864] USB: usb_service_win.cc:391 Could not read device interface GUIDs: 지정된 파일을 찾을 수 없습니다. (0x2)
3월 14, 2022 18:06:11.870 [21020:10936:0314/180611.869:ERROR:device_event_log_impl.cc(214)] [18:06:11.870] USB: usb_device_handle_win.cc:1049 Failed to read descriptor from node connection: 시스템에 부착된 장치가 작동하지 않습니다. (0x1F)
3월 14, 2022 19:42:16.915 [15756:7052:0314/194216.914:ERROR:device_event_log_impl.cc(214)] [19:42:16.915] USB: usb_service_win.cc:391 Could not read device interface GUIDs: 지정된 파일을 찾을 수 없습니다. (0x2)
3월 14, 2022 19:42:16.919 [15756:7052:0314/194216.919:ERROR:device_event_log_impl.cc(214)] [19:42:16.919] USB: usb_device_handle_win.cc:1049 Failed to read descriptor from node connection: 시스템에 부착된 장치가 작동하지 않습니다. (0x1F)

3월 15, 2022 09:37:07.03 NEW SESSION
3월 15, 2022 09:37:07.03 [612:3164:0315/093707.000:ERROR:device_event_log_impl.cc(214)] [09:37:07.000] USB: usb_service_win.cc:391 Could not read device interface GUIDs: 지정된 파일을 찾을 수 없습니다. (0x2)
3월 15, 2022 09:37:07.05 [612:3164:0315/093707.004:ERROR:device_event_log_impl.cc(214)] [09:37:07.005] USB: usb_device_handle_win.cc:1049 Failed to read descriptor from node connection: 시스템에 부착된 장치가 작동하지 않습니다. (0x1F)
3월 15, 2022 11:19:43.345 [612:3164:0315/111943.344:ERROR:device_event_log_impl.cc(214)] [11:19:43.344] USB: usb_service_win.cc:260 Failed to get device driver name: 요소가 없습니다. (0x490)
3월 15, 2022 12:22:36.511 [612:3164:0315/122236.510:ERROR:device_event_log_impl.cc(214)] [12:22:36.510] USB: usb_service_win.cc:260 Failed to get device driver name: 요소가 없습니다. (0x490)
3월 15, 2022 14:57:39.295 [612:3164:0315/145739.295:ERROR:CONSOLE(1)] "Session is unregistering, can't dispatch pending call to DOM.getDocument", source: devtools://devtools/bundled/devtools-frontend/front_end/core/sdk/sdk.js (1)
3월 15, 2022 15:18:27.914 [612:3164:0315/151827.914:ERROR:CONSOLE(1)] "Session is unregistering, can't dispatch pending call to DOM.getDocument", source: devtools://devtools/bundled/devtools-frontend/front_end/core/sdk/sdk.js (1)
3월 15, 2022 16:49:43.583 [612:18260:0315/164943.583:ERROR:database.cc(1777)] Passwords SQLite error: code 2067 errno 0: UNIQUE constraint failed: logins.origin_url, logins.username_element, logins.username_value, logins.password_element, logins.signon_realm sql: INSERT INTO logins (origin_url, action_url, username_element, username_value, password_element, password_value, submit_element, signon_realm, date_created, blacklisted_by_user, scheme, password_type, times_used, form_data, display_name, icon_url, federation_url, skip_zero_click, generation_upload_status, possible_username_pairs, id, date_last_used, moving_blocked_for, date_password_modified) VALUES (?,?,?,?,?,?,?,?,?,?,?,?,?,?,?,?,?,?,?,?,?,?,?,?)
3월 15, 2022 17:03:18.15 [612:13716:0315/170318.014:ERROR:database.cc(1777)] Passwords SQLite error: code 2067 errno 0: UNIQUE constraint failed: logins.origin_url, logins.username_element, logins.username_value, logins.password_element, logins.signon_realm sql: INSERT INTO logins (origin_url, action_url, username_element, username_value, password_element, password_value, submit_element, signon_realm, date_created, blacklisted_by_user, scheme, password_type, times_used, form_data, display_name, icon_url, federation_url, skip_zero_click, generation_upload_status, possible_username_pairs, id, date_last_used, moving_blocked_for, date_password_modified) VALUES (?,?,?,?,?,?,?,?,?,?,?,?,?,?,?,?,?,?,?,?,?,?,?,?)
3월 15, 2022 17:21:00.882 [612:3164:0315/172100.881:ERROR:device_event_log_impl.cc(214)] [17:21:00.881] USB: usb_service_win.cc:260 Failed to get device driver name: 요소가 없습니다. (0x490)
3월 15, 2022 18:07:30.796 [612:3164:0315/180730.795:ERROR:device_event_log_impl.cc(214)] [18:07:30.795] USB: usb_service_win.cc:260 Failed to get device driver name: 요소가 없습니다. (0x490)
3월 15, 2022 20:07:12.880 [612:3164:0315/200712.880:ERROR:device_event_log_impl.cc(214)] [20:07:12.879] USB: usb_service_win.cc:260 Failed to get device driver name: 요소가 없습니다. (0x490)

3월 16, 2022 23:13:43.708 NEW SESSION
3월 16, 2022 23:13:43.708 [15952:15432:0316/231343.703:ERROR:device_event_log_impl.cc(214)] [23:13:43.703] USB: usb_service_win.cc:391 Could not read device interface GUIDs: 지정된 파일을 찾을 수 없습니다. (0x2)
3월 16, 2022 23:13:43.709 [15952:15432:0316/231343.708:ERROR:device_event_log_impl.cc(214)] [23:13:43.708] USB: usb_device_handle_win.cc:1049 Failed to read descriptor from node connection: 시스템에 부착된 장치가 작동하지 않습니다. (0x1F)
